Flow report for top_converter_hps_innovate
Fri Apr 15 10:05:00 2022
Quartus Prime Version 18.1.0 Build 625 09/12/2018 SJ Standard Edition


---------------------
; Table of Contents ;
---------------------
  1. Legal Notice
  2. Flow Summary
  3. Flow Settings
  4. Flow Non-Default Global Settings
  5. Flow Elapsed Time
  6. Flow OS Summary
  7. Flow Log
  8. Flow Messages
  9. Flow Suppressed Messages



----------------
; Legal Notice ;
----------------
Copyright (C) 2018  Intel Corporation. All rights reserved.
Your use of Intel Corporation's design tools, logic functions 
and other software and tools, and its AMPP partner logic 
functions, and any output files from any of the foregoing 
(including device programming or simulation files), and any 
associated documentation or information are expressly subject 
to the terms and conditions of the Intel Program License 
Subscription Agreement, the Intel Quartus Prime License Agreement,
the Intel FPGA IP License Agreement, or other applicable license
agreement, including, without limitation, that your use is for
the sole purpose of programming logic devices manufactured by
Intel and sold by Intel or its authorized distributors.  Please
refer to the applicable agreement for further details.



+-----------------------------------------------------------------------------------+
; Flow Summary                                                                      ;
+---------------------------------+-------------------------------------------------+
; Flow Status                     ; Successful - Fri Apr 15 10:04:20 2022           ;
; Quartus Prime Version           ; 18.1.0 Build 625 09/12/2018 SJ Standard Edition ;
; Revision Name                   ; top_converter_hps_innovate                      ;
; Top-level Entity Name           ; top_converter_hps_innovate                      ;
; Family                          ; Cyclone V                                       ;
; Device                          ; 5CSEBA6U23I7                                    ;
; Timing Models                   ; Final                                           ;
; Logic utilization (in ALMs)     ; 5,366 / 41,910 ( 13 % )                         ;
; Total registers                 ; 5292                                            ;
; Total pins                      ; 180 / 314 ( 57 % )                              ;
; Total virtual pins              ; 0                                               ;
; Total block memory bits         ; 84,000 / 5,662,720 ( 1 % )                      ;
; Total DSP Blocks                ; 39 / 112 ( 35 % )                               ;
; Total HSSI RX PCSs              ; 0                                               ;
; Total HSSI PMA RX Deserializers ; 0                                               ;
; Total HSSI TX PCSs              ; 0                                               ;
; Total HSSI PMA TX Serializers   ; 0                                               ;
; Total PLLs                      ; 1 / 6 ( 17 % )                                  ;
; Total DLLs                      ; 1 / 4 ( 25 % )                                  ;
+---------------------------------+-------------------------------------------------+


+------------------------------------------------+
; Flow Settings                                  ;
+-------------------+----------------------------+
; Option            ; Setting                    ;
+-------------------+----------------------------+
; Start date & time ; 04/15/2022 09:57:15        ;
; Main task         ; Compilation                ;
; Revision Name     ; top_converter_hps_innovate ;
+-------------------+----------------------------+


+------------------------------------------------------------------------------------------------------------------------------------------------------------------+
; Flow Non-Default Global Settings                                                                                                                                 ;
+---------------------------------------+-------------------------------------------------------------------+---------------+-------------------------+------------+
; Assignment Name                       ; Value                                                             ; Default Value ; Entity Name             ; Section Id ;
+---------------------------------------+-------------------------------------------------------------------+---------------+-------------------------+------------+
; COMPILER_SIGNATURE_ID                 ; 39908808723928.165003462908596                                    ; --            ; --                      ; --         ;
; ECO_REGENERATE_REPORT                 ; On                                                                ; Off           ; --                      ; --         ;
; HPS_ISW_FILE                          ; cpu/synthesis/submodules/sequencer/alt_types.pre.h                ; --            ; cpu_hps_0_hps_io_border ; --         ;
; HPS_ISW_FILE                          ; cpu/synthesis/submodules/sequencer/emif.pre.xml                   ; --            ; cpu_hps_0_hps_io_border ; --         ;
; HPS_ISW_FILE                          ; cpu/synthesis/submodules/sequencer/sdram_io.pre.h                 ; --            ; cpu_hps_0_hps_io_border ; --         ;
; HPS_ISW_FILE                          ; cpu/synthesis/submodules/sequencer/sequencer.pre.c                ; --            ; cpu_hps_0_hps_io_border ; --         ;
; HPS_ISW_FILE                          ; cpu/synthesis/submodules/sequencer/sequencer.pre.h                ; --            ; cpu_hps_0_hps_io_border ; --         ;
; HPS_ISW_FILE                          ; cpu/synthesis/submodules/sequencer/sequencer_auto.pre.h           ; --            ; cpu_hps_0_hps_io_border ; --         ;
; HPS_ISW_FILE                          ; cpu/synthesis/submodules/sequencer/sequencer_auto_ac_init.pre.c   ; --            ; cpu_hps_0_hps_io_border ; --         ;
; HPS_ISW_FILE                          ; cpu/synthesis/submodules/sequencer/sequencer_auto_inst_init.pre.c ; --            ; cpu_hps_0_hps_io_border ; --         ;
; HPS_ISW_FILE                          ; cpu/synthesis/submodules/sequencer/sequencer_defines.pre.h        ; --            ; cpu_hps_0_hps_io_border ; --         ;
; HPS_ISW_FILE                          ; cpu/synthesis/submodules/sequencer/system.pre.h                   ; --            ; cpu_hps_0_hps_io_border ; --         ;
; HPS_ISW_FILE                          ; cpu/synthesis/submodules/sequencer/tclrpt.pre.c                   ; --            ; cpu_hps_0_hps_io_border ; --         ;
; HPS_ISW_FILE                          ; cpu/synthesis/submodules/sequencer/tclrpt.pre.h                   ; --            ; cpu_hps_0_hps_io_border ; --         ;
; HPS_ISW_FILE                          ; cpu/synthesis/submodules/hps.pre.xml                              ; --            ; cpu_hps_0_hps_io_border ; --         ;
; HPS_PARTITION                         ; On                                                                ; --            ; cpu_hps_0_hps_io_border ; --         ;
; MAX_CORE_JUNCTION_TEMP                ; 100                                                               ; --            ; --                      ; --         ;
; MIN_CORE_JUNCTION_TEMP                ; -40                                                               ; --            ; --                      ; --         ;
; MISC_FILE                             ; hdl/alt_dspbuilder_rom_GNS4G2BRKR.hex                             ; --            ; --                      ; --         ;
; MISC_FILE                             ; hdl/alt_dspbuilder_rom_GNXV4IIFCR.hex                             ; --            ; --                      ; --         ;
; MISC_FILE                             ; hdl/alt_dspbuilder_rom_GNK7TUJIQA.hex                             ; --            ; --                      ; --         ;
; MISC_FILE                             ; hdl/alt_dspbuilder_rom_GNLZO3EIT7.hex                             ; --            ; --                      ; --         ;
; MISC_FILE                             ; hdl/alt_dspbuilder_rom_GNOXA7UMVD.hex                             ; --            ; --                      ; --         ;
; MISC_FILE                             ; cpu/synthesis/../cpu.cmp                                          ; --            ; --                      ; --         ;
; MISC_FILE                             ; cpu/synthesis/../../D                                             ; --            ; --                      ; --         ;
; MISC_FILE                             ; cpu/synthesis/cpu_hps_0_hps.svd                                   ; --            ; --                      ; --         ;
; MISC_FILE                             ; cpu/synthesis/../../cpu.qsys                                      ; --            ; --                      ; --         ;
; MISC_FILE                             ; cpu/synthesis/submodules/sequencer/alt_types.pre.h                ; --            ; --                      ; --         ;
; MISC_FILE                             ; cpu/synthesis/submodules/sequencer/emif.pre.xml                   ; --            ; --                      ; --         ;
; MISC_FILE                             ; cpu/synthesis/submodules/sequencer/sdram_io.pre.h                 ; --            ; --                      ; --         ;
; MISC_FILE                             ; cpu/synthesis/submodules/sequencer/sequencer.pre.c                ; --            ; --                      ; --         ;
; MISC_FILE                             ; cpu/synthesis/submodules/sequencer/sequencer.pre.h                ; --            ; --                      ; --         ;
; MISC_FILE                             ; cpu/synthesis/submodules/sequencer/sequencer_auto.pre.h           ; --            ; --                      ; --         ;
; MISC_FILE                             ; cpu/synthesis/submodules/sequencer/sequencer_auto_ac_init.pre.c   ; --            ; --                      ; --         ;
; MISC_FILE                             ; cpu/synthesis/submodules/sequencer/sequencer_auto_inst_init.pre.c ; --            ; --                      ; --         ;
; MISC_FILE                             ; cpu/synthesis/submodules/sequencer/sequencer_defines.pre.h        ; --            ; --                      ; --         ;
; MISC_FILE                             ; cpu/synthesis/submodules/sequencer/system.pre.h                   ; --            ; --                      ; --         ;
; MISC_FILE                             ; cpu/synthesis/submodules/sequencer/tclrpt.pre.c                   ; --            ; --                      ; --         ;
; MISC_FILE                             ; cpu/synthesis/submodules/sequencer/tclrpt.pre.h                   ; --            ; --                      ; --         ;
; MISC_FILE                             ; cpu/synthesis/submodules/hps.pre.xml                              ; --            ; --                      ; --         ;
; OUTPUT_IO_TIMING_FAR_END_VMEAS        ; Half Signal Swing                                                 ; --            ; --                      ; --         ;
; OUTPUT_IO_TIMING_FAR_END_VMEAS        ; Half Signal Swing                                                 ; --            ; --                      ; --         ;
; OUTPUT_IO_TIMING_NEAR_END_VMEAS       ; Half Vccio                                                        ; --            ; --                      ; --         ;
; OUTPUT_IO_TIMING_NEAR_END_VMEAS       ; Half Vccio                                                        ; --            ; --                      ; --         ;
; PARTITION_COLOR                       ; -- (Not supported for targeted family)                            ; --            ; --                      ; Top        ;
; PARTITION_FITTER_PRESERVATION_LEVEL   ; -- (Not supported for targeted family)                            ; --            ; --                      ; Top        ;
; PARTITION_NETLIST_TYPE                ; -- (Not supported for targeted family)                            ; --            ; --                      ; Top        ;
; POWER_BOARD_THERMAL_MODEL             ; None (CONSERVATIVE)                                               ; --            ; --                      ; --         ;
; POWER_PRESET_COOLING_SOLUTION         ; 23 MM HEAT SINK WITH 200 LFPM AIRFLOW                             ; --            ; --                      ; --         ;
; PROJECT_OUTPUT_DIRECTORY              ; output_files                                                      ; --            ; --                      ; --         ;
; SLD_FILE                              ; cpu/synthesis/cpu.regmap                                          ; --            ; --                      ; --         ;
; SLD_FILE                              ; cpu/synthesis/cpu.debuginfo                                       ; --            ; --                      ; --         ;
; SLD_INFO                              ; QSYS_NAME cpu HAS_SOPCINFO 1 GENERATION_ID 1647576589             ; --            ; cpu                     ; --         ;
; SOPCINFO_FILE                         ; cpu/synthesis/../../cpu.sopcinfo                                  ; --            ; --                      ; --         ;
; SYNTHESIS_ONLY_QIP                    ; On                                                                ; --            ; --                      ; --         ;
; USE_DLL_FREQUENCY_FOR_DQS_DELAY_CHAIN ; On                                                                ; Off           ; --                      ; --         ;
+---------------------------------------+-------------------------------------------------------------------+---------------+-------------------------+------------+


+--------------------------------------------------------------------------------------------------------------------------+
; Flow Elapsed Time                                                                                                        ;
+----------------------+--------------+-------------------------+---------------------+------------------------------------+
; Module Name          ; Elapsed Time ; Average Processors Used ; Peak Virtual Memory ; Total CPU Time (on all processors) ;
+----------------------+--------------+-------------------------+---------------------+------------------------------------+
; Analysis & Synthesis ; 00:01:04     ; 3.4                     ; 5495 MB             ; 00:02:41                           ;
; Fitter               ; 00:02:39     ; 1.3                     ; 8463 MB             ; 00:08:31                           ;
; Assembler            ; 00:00:15     ; 1.0                     ; 4962 MB             ; 00:00:14                           ;
; Timing Analyzer      ; 00:00:38     ; 2.0                     ; 6223 MB             ; 00:01:06                           ;
; Total                ; 00:04:36     ; --                      ; --                  ; 00:12:32                           ;
+----------------------+--------------+-------------------------+---------------------+------------------------------------+


+------------------------------------------------------------------------------------+
; Flow OS Summary                                                                    ;
+----------------------+------------------+------------+------------+----------------+
; Module Name          ; Machine Hostname ; OS Name    ; OS Version ; Processor type ;
+----------------------+------------------+------------+------------+----------------+
; Analysis & Synthesis ; DESKTOP-AQJPMCS  ; Windows 10 ; 10.0       ; x86_64         ;
; Fitter               ; DESKTOP-AQJPMCS  ; Windows 10 ; 10.0       ; x86_64         ;
; Assembler            ; DESKTOP-AQJPMCS  ; Windows 10 ; 10.0       ; x86_64         ;
; Timing Analyzer      ; DESKTOP-AQJPMCS  ; Windows 10 ; 10.0       ; x86_64         ;
+----------------------+------------------+------------+------------+----------------+


------------
; Flow Log ;
------------
quartus_map --read_settings_files=on --write_settings_files=off top_converter_hps_innovate -c top_converter_hps_innovate
quartus_fit --read_settings_files=off --write_settings_files=off top_converter_hps_innovate -c top_converter_hps_innovate
quartus_asm --read_settings_files=off --write_settings_files=off top_converter_hps_innovate -c top_converter_hps_innovate
quartus_sta top_converter_hps_innovate -c top_converter_hps_innovate



